-------------------------------------------------------------------------------
Test set: com.una.citasmedicas.AdministracionPaciente.Controller.PacienteControllerTest
-------------------------------------------------------------------------------
Tests run: 4, Failures: 1, Errors: 0, Skipped: 0, Time elapsed: 0.116 s <<< FAILURE! - in com.una.citasmedicas.AdministracionPaciente.Controller.PacienteControllerTest
testSumarUnaCita  Time elapsed: 0.041 s  <<< FAILURE!
org.opentest4j.AssertionFailedError: expected: <Se agrego una cita> but was: <Cedula ingresada no se encuentra agregada>
	at com.una.citasmedicas.AdministracionPaciente.Controller.PacienteControllerTest.testSumarUnaCita(PacienteControllerTest.java:68)

