-------------------------------------------------------------------------------
Test set: com.una.citasmedicas.controller.Paciente.PacienteControllerTest
-------------------------------------------------------------------------------
Tests run: 1, Failures: 1, Errors: 0, Skipped: 0, Time elapsed: 0.065 s <<< FAILURE! - in com.una.citasmedicas.controller.Paciente.PacienteControllerTest
testAdd  Time elapsed: 0.049 s  <<< FAILURE!
org.opentest4j.AssertionFailedError: expected: <Paciente agregado> but was: <La cedula ingreasada YA se encuentra registrada>
	at com.una.citasmedicas.controller.Paciente.PacienteControllerTest.testAdd(PacienteControllerTest.java:40)

