<?xml version="1.0" encoding="UTF-8"?>
<testsuite xmlns:xsi="http://www.w3.org/2001/XMLSchema-instance" xsi:noNamespaceSchemaLocation="https://maven.apache.org/surefire/maven-surefire-plugin/xsd/surefire-test-report.xsd" name="com.una.citasmedicas.controller.usuario.UsuarioControllerTest" time="0.002" tests="4" errors="0" skipped="0" failures="3">
  <properties>
[...]
</properties>
  <testcase name="testAgregar" classname="com.una.citasmedicas.controller.usuario.UsuarioControllerTest" time="0"/>
  <testcase name="testModificar" classname="com.una.citasmedicas.controller.usuario.UsuarioControllerTest" time="0">
    <failure message="expected: &lt;&gt; but was: &lt;No se encontro un usuario igual &gt;" type="org.opentest4j.AssertionFailedError"><![CDATA[org.opentest4j.AssertionFailedError: expected: <> but was: <No se encontro un usuario igual >
	at com.una.citasmedicas.controller.usuario.UsuarioControllerTest.testModificar(UsuarioControllerTest.java:65)
]]></failure>
    <system-out><![CDATA[modificar
]]></system-out>
  </testcase>
  <testcase name="testEliminar" classname="com.una.citasmedicas.controller.usuario.UsuarioControllerTest" time="0">
    <failure message="expected: &lt;&gt; but was: &lt;Error no se a borrado el objeto. &gt;" type="org.opentest4j.AssertionFailedError"><![CDATA[org.opentest4j.AssertionFailedError: expected: <> but was: <Error no se a borrado el objeto. >
	at com.una.citasmedicas.controller.usuario.UsuarioControllerTest.testEliminar(UsuarioControllerTest.java:80)
]]></failure>
    <system-out><![CDATA[eliminar
]]></system-out>
  </testcase>
  <testcase name="testMostrar" classname="com.una.citasmedicas.controller.usuario.UsuarioControllerTest" time="0.001">
    <failure message="The test case is a prototype." type="org.opentest4j.AssertionFailedError">org.opentest4j.AssertionFailedError: The test case is a prototype.
	at com.una.citasmedicas.controller.usuario.UsuarioControllerTest.testMostrar(UsuarioControllerTest.java:94)
</failure>
    <system-out><![CDATA[mostrar
====================================
||        Usuario: pino
||        Cedula: 123
||        Nombre:pepe
||        Apellido: a
||        Telefono:45
||        Email: @
||        Direccion: sur
||        Fecha de nacimiento: 12/11
====================================
]]></system-out>
  </testcase>
</testsuite>