<?xml version="1.0" encoding="UTF-8"?>
<testsuite xmlns:xsi="http://www.w3.org/2001/XMLSchema-instance" xsi:noNamespaceSchemaLocation="https://maven.apache.org/surefire/maven-surefire-plugin/xsd/surefire-test-report.xsd" name="com.una.citasmedicas.controller.usuario.UsuarioControllerTest" time="0.018" tests="4" errors="0" skipped="0" failures="4">
  <properties>
[...]
</properties>
  <testcase name="testAgregar" classname="com.una.citasmedicas.controller.usuario.UsuarioControllerTest" time="0.012">
    <failure message="expected: &lt;se agrego un usuario correctamente&gt; but was: &lt;El usuario no se ha creado&gt;" type="org.opentest4j.AssertionFailedError"><![CDATA[org.opentest4j.AssertionFailedError: expected: <se agrego un usuario correctamente> but was: <El usuario no se ha creado>
	at com.una.citasmedicas.controller.usuario.UsuarioControllerTest.testAgregar(UsuarioControllerTest.java:50)
]]></failure>
    <system-out><![CDATA[agregar
]]></system-out>
  </testcase>
  <testcase name="testModificar" classname="com.una.citasmedicas.controller.usuario.UsuarioControllerTest" time="0.002">
    <failure message="expected: &lt;&gt; but was: &lt;No se encontro un usuario igual&gt;" type="org.opentest4j.AssertionFailedError"><![CDATA[org.opentest4j.AssertionFailedError: expected: <> but was: <No se encontro un usuario igual>
	at com.una.citasmedicas.controller.usuario.UsuarioControllerTest.testModificar(UsuarioControllerTest.java:65)
]]></failure>
    <system-out><![CDATA[modificar
]]></system-out>
  </testcase>
  <testcase name="testEliminar" classname="com.una.citasmedicas.controller.usuario.UsuarioControllerTest" time="0.001">
    <failure message="expected: &lt;&gt; but was: &lt;Error! intente nuevamente&gt;" type="org.opentest4j.AssertionFailedError"><![CDATA[org.opentest4j.AssertionFailedError: expected: <> but was: <Error! intente nuevamente>
	at com.una.citasmedicas.controller.usuario.UsuarioControllerTest.testEliminar(UsuarioControllerTest.java:80)
]]></failure>
    <system-out><![CDATA[eliminar
]]></system-out>
  </testcase>
  <testcase name="testMostrar" classname="com.una.citasmedicas.controller.usuario.UsuarioControllerTest" time="0.002">
    <failure message="The test case is a prototype." type="org.opentest4j.AssertionFailedError">org.opentest4j.AssertionFailedError: The test case is a prototype.
	at com.una.citasmedicas.controller.usuario.UsuarioControllerTest.testMostrar(UsuarioControllerTest.java:94)
</failure>
    <system-out><![CDATA[mostrar
]]></system-out>
  </testcase>
</testsuite>